\BOOKMARK [0][-]{Doc-Start}{\376\377\000C\000e\000r\000t\000i\000f\000i\000c\000a\000t\000e\000\040\000O\000f\000\040\000A\000p\000p\000r\000o\000v\000a\000l}{}% 1
\BOOKMARK [0][-]{dummy.6}{\376\377\000D\000e\000c\000l\000a\000r\000a\000t\000i\000o\000n}{}% 2
\BOOKMARK [0][-]{dummy.11}{\376\377\000C\000e\000r\000t\000i\000f\000i\000c\000a\000t\000e}{}% 3
\BOOKMARK [0][-]{dummy.12}{\376\377\000A\000b\000s\000t\000r\000a\000c\000t}{}% 4
\BOOKMARK [0][-]{dummy.13}{\376\377\000A\000c\000k\000n\000o\000w\000l\000e\000d\000g\000e\000m\000e\000n\000t\000s}{}% 5
\BOOKMARK [0][-]{dummy.14}{\376\377\000C\000o\000n\000t\000e\000n\000t\000s}{}% 6
\BOOKMARK [0][-]{chapter.16}{\376\377\0001\000\040\000I\000n\000t\000o\000d\000u\000c\000t\000i\000o\000n}{}% 7
\BOOKMARK [0][-]{chapter.17}{\376\377\0002\000\040\000D\000I\000F\000F\000E\000R\000E\000N\000T\000\040\000T\000Y\000P\000E\000S\000\040\000O\000F\000\040\000F\000R\000A\000U\000D\000\040\000T\000E\000C\000H\000N\000I\000Q\000U\000E\000S}{}% 8
\BOOKMARK [1][-]{section.18}{\376\377\0002\000.\0001\000\040\000C\000a\000r\000d\000\040\000R\000e\000l\000a\000t\000e\000d\000\040\000F\000r\000a\000u\000d\000s}{chapter.17}% 9
\BOOKMARK [2][-]{subsection.19}{\376\377\0002\000.\0001\000.\0001\000\040\000L\000o\000s\000t\000/\000S\000t\000o\000l\000e\000n\000\040\000C\000a\000r\000d\000:}{section.18}% 10
\BOOKMARK [2][-]{subsection.20}{\376\377\0002\000.\0001\000.\0002\000\040\000A\000c\000c\000o\000u\000n\000t\000\040\000T\000a\000k\000e\000o\000v\000e\000r\000:}{section.18}% 11
\BOOKMARK [2][-]{subsection.21}{\376\377\0002\000.\0001\000.\0003\000\040\000C\000a\000r\000d\000h\000o\000l\000d\000e\000r\000-\000N\000o\000t\000-\000P\000r\000e\000s\000e\000n\000t\000\040\000\050\000C\000N\000P\000\051\000:}{section.18}% 12
\BOOKMARK [2][-]{subsection.22}{\376\377\0002\000.\0001\000.\0004\000\040\000E\000r\000a\000s\000i\000n\000g\000\040\000t\000h\000e\000\040\000M\000a\000g\000n\000e\000t\000i\000c\000\040\000s\000t\000r\000i\000p\000:}{section.18}% 13
\BOOKMARK [2][-]{subsection.23}{\376\377\0002\000.\0001\000.\0005\000\040\000P\000h\000i\000s\000h\000i\000n\000g\000:}{section.18}% 14
\BOOKMARK [1][-]{section.24}{\376\377\0002\000.\0002\000\040\000M\000e\000r\000c\000h\000a\000n\000t\000\040\000R\000e\000l\000a\000t\000e\000d\000\040\000F\000r\000a\000u\000d\000s}{chapter.17}% 15
\BOOKMARK [2][-]{subsection.25}{\376\377\0002\000.\0002\000.\0001\000\040\000M\000e\000r\000c\000h\000a\000n\000t\000\040\000C\000o\000l\000l\000u\000s\000i\000o\000n\000:}{section.24}% 16
\BOOKMARK [2][-]{subsection.26}{\376\377\0002\000.\0002\000.\0002\000\040\000T\000r\000i\000a\000n\000g\000u\000l\000a\000t\000i\000o\000n\000:}{section.24}% 17
\BOOKMARK [1][-]{section.27}{\376\377\0002\000.\0003\000\040\000I\000n\000t\000e\000r\000n\000e\000t\000\040\000F\000r\000a\000u\000d\000s}{chapter.17}% 18
\BOOKMARK [2][-]{subsection.28}{\376\377\0002\000.\0003\000.\0001\000\040\000F\000a\000l\000s\000e\000\040\000M\000e\000r\000c\000h\000a\000n\000t\000\040\000S\000i\000t\000e\000s\000:}{section.27}% 19
\BOOKMARK [2][-]{subsection.29}{\376\377\0002\000.\0003\000.\0002\000\040\000K\000e\000y\000s\000t\000r\000o\000k\000e\000\040\000L\000o\000g\000g\000e\000r\000s\000:}{section.27}% 20
\BOOKMARK [2][-]{subsection.30}{\376\377\0002\000.\0003\000.\0003\000\040\000C\000e\000l\000l\000\040\000p\000h\000o\000n\000e\000\040\000c\000a\000m\000e\000r\000a\000\040\000S\000c\000a\000n\000:}{section.27}% 21
\BOOKMARK [2][-]{subsection.31}{\376\377\0002\000.\0003\000.\0004\000\040\000S\000i\000t\000e\000\040\000C\000l\000o\000n\000i\000n\000g\000:}{section.27}% 22
\BOOKMARK [0][-]{chapter.32}{\376\377\0003\000\040\000P\000R\000O\000B\000L\000E\000M\000S\000\040\000W\000I\000T\000H\000\040\000C\000R\000E\000D\000I\000T\000\040\000C\000A\000R\000D\000\040\000F\000R\000A\000U\000D\000\040\000D\000E\000T\000E\000C\000T\000I\000O\000N}{}% 23
\BOOKMARK [1][-]{section*.33}{}{chapter.32}% 24
\BOOKMARK [0][-]{chapter.34}{\376\377\0004\000\040\000A\000R\000T\000I\000F\000I\000C\000I\000A\000L\000\040\000N\000E\000U\000R\000A\000L\000\040\000N\000E\000T\000W\000O\000R\000K\000S}{}% 25
\BOOKMARK [1][-]{section.35}{\376\377\0004\000.\0001\000\040\000D\000e\000f\000i\000n\000i\000t\000i\000o\000n}{chapter.34}% 26
\BOOKMARK [2][-]{subsection.36}{\376\377\0004\000.\0001\000.\0001\000\040\000I\000n\000p\000u\000t}{section.35}% 27
\BOOKMARK [2][-]{subsection.37}{\376\377\0004\000.\0001\000.\0002\000\040\000H\000i\000d\000d\000e\000n\000\040\000L\000a\000y\000e\000r}{section.35}% 28
\BOOKMARK [2][-]{subsection.38}{\376\377\0004\000.\0001\000.\0003\000\040\000O\000u\000t\000p\000u\000t\000\040\000L\000a\000y\000e\000r}{section.35}% 29
\BOOKMARK [1][-]{section.39}{\376\377\0004\000.\0002\000\040\000B\000i\000o\000l\000o\000g\000i\000c\000a\000l\000\040\000N\000e\000u\000r\000o\000n}{chapter.34}% 30
\BOOKMARK [2][-]{subsection.40}{\376\377\0004\000.\0002\000.\0001\000\040\000S\000c\000h\000e\000m\000a\000t\000i\000c\000\040\000D\000i\000a\000g\000r\000a\000m}{section.39}% 31
\BOOKMARK [2][-]{subsection.42}{\376\377\0004\000.\0002\000.\0002\000\040\000W\000o\000r\000k\000i\000n\000g\000\040\000o\000f\000\040\000a\000\040\000B\000i\000o\000l\000o\000g\000i\000c\000a\000l\000\040\000N\000e\000u\000r\000o\000n}{section.39}% 32
\BOOKMARK [1][-]{section.43}{\376\377\0004\000.\0003\000\040\000B\000i\000o\000l\000o\000g\000i\000c\000a\000l\000\040\000n\000e\000u\000r\000a\000l\000\040\000N\000e\000t\000w\000o\000r\000k\000\050\000B\000N\000N\000\051\000\040\000v\000/\000s\000\040\000A\000r\000t\000i\000f\000i\000c\000i\000a\000l\000\040\000N\000e\000u\000r\000a\000l\000\040\000N\000e\000t\000w\000o\000r\000k\000\050\000A\000N\000N\000\051}{chapter.34}% 33
\BOOKMARK [1][-]{section.44}{\376\377\0004\000.\0004\000\040\000M\000o\000d\000e\000l\000\040\000o\000f\000\040\000A\000r\000t\000i\000f\000i\000c\000i\000a\000l\000\040\000N\000e\000u\000r\000a\000l\000\040\000N\000e\000t\000w\000o\000r\000k}{chapter.34}% 34
\BOOKMARK [1][-]{section.46}{\376\377\0004\000.\0005\000\040\000N\000E\000T\000W\000O\000R\000K\000\040\000T\000O\000P\000O\000L\000O\000G\000Y}{chapter.34}% 35
\BOOKMARK [2][-]{subsection.47}{\376\377\0004\000.\0005\000.\0001\000\040\000F\000e\000e\000d\000f\000o\000r\000w\000o\000r\000d\000\040\000N\000e\000t\000w\000o\000r\000k}{section.46}% 36
\BOOKMARK [2][-]{subsection.50}{\376\377\0004\000.\0005\000.\0002\000\040\000F\000e\000e\000d\000b\000a\000c\000k\000\040\000N\000e\000t\000w\000o\000r\000k}{section.46}% 37
\BOOKMARK [1][-]{section.53}{\376\377\0004\000.\0006\000\040\000A\000d\000j\000u\000s\000t\000m\000e\000n\000t\000s\000\040\000o\000f\000\040\000W\000e\000i\000g\000h\000t\000s\000\040\000o\000r\000\040\000L\000e\000a\000r\000n\000i\000n\000g}{chapter.34}% 38
\BOOKMARK [2][-]{subsection.54}{\376\377\0004\000.\0006\000.\0001\000\040\000S\000u\000p\000e\000r\000v\000i\000s\000e\000d\000\040\000L\000e\000a\000r\000n\000i\000n\000g}{section.53}% 39
\BOOKMARK [3][-]{section*.55}{}{subsection.54}% 40
\BOOKMARK [2][-]{subsection.57}{\376\377\0004\000.\0006\000.\0002\000\040\000U\000n\000s\000u\000p\000e\000r\000v\000i\000s\000e\000d\000\040\000L\000e\000a\000r\000n\000i\000n\000g}{section.53}% 41
\BOOKMARK [3][-]{section*.58}{}{subsection.57}% 42
\BOOKMARK [2][-]{subsection.60}{\376\377\0004\000.\0006\000.\0003\000\040\000R\000e\000i\000n\000f\000o\000r\000c\000e\000m\000e\000n\000t\000\040\000L\000e\000a\000r\000n\000i\000n\000g}{section.53}% 43
\BOOKMARK [3][-]{section*.61}{}{subsection.60}% 44
\BOOKMARK [1][-]{section.63}{\376\377\0004\000.\0007\000\040\000A\000c\000t\000i\000v\000a\000t\000i\000o\000n\000\040\000F\000u\000n\000c\000t\000i\000o\000n\000s}{chapter.34}% 45
\BOOKMARK [2][-]{subsection.64}{\376\377\0004\000.\0007\000.\0001\000\040\000L\000i\000n\000e\000a\000r\000\040\000A\000c\000t\000i\000v\000a\000t\000i\000o\000n\000\040\000F\000u\000n\000c\000t\000i\000o\000n}{section.63}% 46
\BOOKMARK [2][-]{subsection.65}{\376\377\0004\000.\0007\000.\0002\000\040\000S\000i\000g\000m\000o\000i\000d\000\040\000A\000c\000t\000i\000v\000a\000t\000i\000o\000n\000\040\000F\000u\000n\000c\000t\000i\000o\000n}{section.63}% 47
\BOOKMARK [1][-]{section.66}{\376\377\0004\000.\0008\000\040\000L\000e\000a\000r\000n\000i\000n\000g}{chapter.34}% 48
\BOOKMARK [2][-]{subsection.67}{\376\377\0004\000.\0008\000.\0001\000\040\000F\000o\000r\000w\000a\000r\000d\000\040\000P\000a\000s\000s\000:\000\040}{section.66}% 49
\BOOKMARK [2][-]{subsection.68}{\376\377\0004\000.\0008\000.\0002\000\040\000B\000a\000c\000k\000w\000a\000r\000d\000\040\000P\000a\000s\000s\000:\000\040}{section.66}% 50
\BOOKMARK [1][-]{section.69}{\376\377\0004\000.\0009\000\040\000O\000p\000t\000i\000m\000i\000z\000a\000t\000i\000o\000n\000\040\000A\000l\000g\000o\000r\000i\000t\000h\000m\000s\000\040\000U\000s\000e\000d\000:}{chapter.34}% 51
\BOOKMARK [2][-]{subsection.70}{\376\377\0004\000.\0009\000.\0001\000\040\000A\000d\000a\000g\000r\000a\000d\000:\000\040}{section.69}% 52
\BOOKMARK [3][-]{section*.71}{}{subsection.70}% 53
\BOOKMARK [4][-]{section*.72}{}{section*.71}% 54
\BOOKMARK [2][-]{subsection.73}{\376\377\0004\000.\0009\000.\0002\000\040\000A\000d\000a\000d\000e\000l\000t\000a\000:\000\040}{section.69}% 55
\BOOKMARK [3][-]{section*.74}{}{subsection.73}% 56
\BOOKMARK [2][-]{subsection.75}{\376\377\0004\000.\0009\000.\0003\000\040\000A\000d\000a\000m\000:\000\040}{section.69}% 57
\BOOKMARK [3][-]{section*.76}{}{subsection.75}% 58
\BOOKMARK [2][-]{subsection.77}{\376\377\0004\000.\0009\000.\0004\000\040\000S\000G\000D\000:\000\040}{section.69}% 59
\BOOKMARK [0][-]{chapter.78}{\376\377\0005\000\040\000E\000n\000v\000i\000r\000o\000n\000m\000e\000n\000t\000\040\000S\000e\000t\000u\000p\000\040\000A\000n\000d\000\040\000P\000e\000r\000f\000o\000r\000m\000a\000n\000c\000e\000\040\000M\000e\000t\000r\000i\000c\000e\000s}{}% 60
\BOOKMARK [1][-]{section.79}{\376\377\0005\000.\0001\000\040\000D\000a\000t\000a\000s\000e\000t\000:\000\040}{chapter.78}% 61
\BOOKMARK [1][-]{section.80}{\376\377\0005\000.\0002\000\040\000E\000n\000v\000i\000r\000o\000n\000m\000e\000n\000t\000:\000\040}{chapter.78}% 62
\BOOKMARK [2][-]{subsection.81}{\376\377\0005\000.\0002\000.\0001\000\040\000J\000u\000p\000y\000t\000e\000r\000\040\000N\000o\000t\000e\000b\000o\000o\000k\000:\000\040}{section.80}% 63
\BOOKMARK [3][-]{subsubsection.82}{\376\377\0005\000.\0002\000.\0001\000.\0001\000\040\000C\000o\000m\000p\000o\000n\000e\000n\000t\000s\000:\000\040}{subsection.81}% 64
\BOOKMARK [2][-]{subsection.83}{\376\377\0005\000.\0002\000.\0002\000\040\000O\000p\000e\000r\000a\000t\000i\000n\000g\000\040\000S\000y\000s\000t\000e\000m\000:\000\040}{section.80}% 65
\BOOKMARK [1][-]{section.84}{\376\377\0005\000.\0003\000\040\000C\000o\000n\000f\000u\000s\000i\000o\000n\000\040\000M\000a\000t\000r\000i\000x\000:\000\040}{chapter.78}% 66
\BOOKMARK [2][-]{subsection.86}{\376\377\0005\000.\0003\000.\0001\000\040\000C\000l\000a\000s\000s\000i\000f\000i\000c\000a\000t\000i\000o\000n\000\040\000R\000a\000t\000e\000/\000A\000c\000c\000u\000r\000a\000c\000y\000:}{section.84}% 67
\BOOKMARK [2][-]{subsection.87}{\376\377\0005\000.\0003\000.\0002\000\040\000R\000e\000c\000a\000l\000l\000:\000\040}{section.84}% 68
\BOOKMARK [2][-]{subsection.88}{\376\377\0005\000.\0003\000.\0003\000\040\000P\000r\000e\000c\000i\000s\000i\000o\000n\000:\000\040}{section.84}% 69
\BOOKMARK [2][-]{subsection.89}{\376\377\0005\000.\0003\000.\0004\000\040\000F\000\040\000M\000e\000a\000s\000u\000r\000e\000:\000\040}{section.84}% 70
\BOOKMARK [1][-]{section.90}{\376\377\0005\000.\0004\000\040\000P\000e\000r\000f\000o\000r\000m\000a\000n\000c\000e\000\040\000M\000e\000t\000r\000i\000c\000e\000s\000:\000\040}{chapter.78}% 71
\BOOKMARK [0][-]{chapter.108}{\376\377\0006\000\040\000R\000e\000s\000u\000l\000t\000\040\000D\000i\000s\000c\000u\000s\000s\000i\000o\000n}{}% 72
\BOOKMARK [1][-]{section.109}{\376\377\0006\000.\0001\000\040\000P\000e\000r\000f\000o\000r\000m\000a\000n\000c\000e\000\040\000C\000o\000m\000p\000a\000r\000i\000s\000o\000n\000s}{chapter.108}% 73
